1701195586105	geckodriver	INFO	Listening on 127.0.0.1:63817
1701195589156	mozrunner::runner	INFO	Running command: "C:\\Program Files\\Mozilla Firefox\\firefox.exe" "--marionette" "-no-remote" "-profile" "C:\\Users\\User\\AppData\\Local\\Temp\\rust_mozprofilepk4GL5"
console.warn: services.settings: Ignoring preference override of remote settings server
console.warn: services.settings: Allow by setting MOZ_REMOTE_SETTINGS_DEVTOOLS=1 in the environment
1701195590333	Marionette	INFO	Marionette enabled
Dynamically enable window occlusion 0
1701195591671	Marionette	INFO	Listening on port 63824
Read port: 63824
1701195591988	RemoteAgent	WARN	TLS certificate errors will be ignored for this session
console.warn: LoginRecipes: "Falling back to a synchronous message for: http://demostore.supersqa.com."
console.warn: LoginRecipes: "Falling back to a synchronous message for: http://demostore.supersqa.com."
1701195621180	addons.xpi	ERROR	System addon update list error SyntaxError: XMLHttpRequest.open: 'http://%(server)s/dummy-system-addons.xml' is not a valid URL.
JavaScript error: , line 0: NS_ERROR_NOT_AVAILABLE
1701201810666	Marionette	INFO	Stopped listening on port 63824
Dynamically enable window occlusion 1
ng command: "C:\\Program Files\\Mozilla Firefox\\firefox.exe" "--marionette" "-no-remote" "-profile" "C:\\Users\\User\\AppData\\Local\\Temp\\rust_mozprofileL8GkPJ"
console.warn: services.settings: Ignoring preference override of remote settings server
console.warn: services.settings: Allow by setting MOZ_REMOTE_SETTINGS_DEVTOOLS=1 in the environment
1701201058448	Marionette	INFO	Marionette enabled
Dynamically enable window occlusion 0
1701201058668	Marionette	INFO	Listening on port 64746
Read port: 64746
1701201059034	RemoteAgent	WARN	TLS certificate errors will be ignored for this session
console.error: (new TypeError("this._searchProviderInfo is null", "resource:///modules/SearchSERPTelemetry.sys.mjs", 692))
1701201088547	addons.xpi	ERROR	System addon update list error SyntaxError: XMLHttpRequest.open: 'http://%(server)s/dummy-system-addons.xml' is not a valid URL.
console.warn: LoginRecipes: "Falling back to a synchronous message for: http://demostore.supersqa.com."
console.warn: LoginRecipes: "Falling back to a synchronous message for: http://demostore.supersqa.com."
console.warn: LoginRecipes: "Falling back to a synchronous message for: http://demostore.supersqa.com."
JavaScript error: resource://gre/modules/AsyncShutdown.sys.mjs, line 573: NotFoundError: No such JSWindowActor 'DevToolsFrame'
1701201811666	Marionette	INFO	Stopped listening on port 64746
Dynamically enable window occlusion 1
1701201813178	geckodriver	INFO	Listening on 127.0.0.1:64969
1701201816230	mozrunner::runner	INFO	Running command: "C:\\Program Files\\Mozilla Firefox\\firefox.exe" "--marionette" "-no-remote" "-profile" "C:\\Users\\User\\AppData\\Local\\Temp\\rust_mozprofileo2ytsR"
console.warn: services.settings: Ignoring preference override of remote settings server
console.warn: services.settings: Allow by setting MOZ_REMOTE_SETTINGS_DEVTOOLS=1 in the environment
1701201816856	Marionette	INFO	Marionette enabled
Dynamically enable window occlusion 0
1701201817288	Marionette	INFO	Listening on port 64976
Read port: 64976
1701201817601	RemoteAgent	WARN	TLS certificate errors will be ignored for this session
1701201846878	addons.xpi	ERROR	System addon update list error SyntaxError: XMLHttpRequest.open: 'http://%(server)s/dummy-system-addons.xml' is not a valid URL.
1701201938679	Marionette	INFO	Stopped listening on port 64976
Dynamically enable window occlusion 1
1701202177786	geckodriver	INFO	Listening on 127.0.0.1:65069
1701202180831	mozrunner::runner	INFO	Running command: "C:\\Program Files\\Mozilla Firefox\\firefox.exe" "--marionette" "-no-remote" "-profile" "C:\\Users\\User\\AppData\\Local\\Temp\\rust_mozprofileS0PtFa"
console.warn: services.settings: Ignoring preference override of remote settings server
console.warn: services.settings: Allow by setting MOZ_REMOTE_SETTINGS_DEVTOOLS=1 in the environment
1701202181597	Marionette	INFO	Marionette enabled
Dynamically enable window occlusion 0
1701202182069	Marionette	INFO	Listening on port 65076
Read port: 65076
1701202182421	RemoteAgent	WARN	TLS certificate errors will be ignored for this session
console.warn: LoginRecipes: "Falling back to a synchronous message for: http://demostore.supersqa.com."
console.warn: LoginRecipes: "Falling back to a synchronous message for: http://demostore.supersqa.com."
1701202211747	addons.xpi	ERROR	System addon update list error SyntaxError: XMLHttpRequest.open: 'http://%(server)s/dummy-system-addons.xml' is not a valid URL.
